{
  "stats": {
    "suites": 1,
    "tests": 0,
    "passes": 0,
    "pending": 0,
    "failures": 0,
    "start": "2026-01-12T03:45:20.121Z",
    "end": "2026-01-12T03:45:20.808Z",
    "duration": 687,
    "testsRegistered": 1,
    "passPercent": 0,
    "pendingPercent": 0,
    "other": 1,
    "hasOther": true,
    "skipped": 1,
    "hasSkipped": true
  },
  "results": [
    {
      "uuid": "d569fc64-3359-42dd-9615-1ea0a7c367e6",
      "title": "",
      "fullFile": "D:\\2025\\Blockchain\\mmn-tx-explorer\\tests\\selenium-js\\tests\\createBulkOffers.test.js",
      "file": "\\tests\\createBulkOffers.test.js",
      "beforeHooks": [],
      "afterHooks": [],
      "tests": [],
      "suites": [
        {
          "uuid": "232c0624-a045-499d-892a-238b2dc272f3",
          "title": "Create Bulk Offers",
          "fullFile": "D:\\2025\\Blockchain\\mmn-tx-explorer\\tests\\selenium-js\\tests\\createBulkOffers.test.js",
          "file": "\\tests\\createBulkOffers.test.js",
          "beforeHooks": [
            {
              "title": "\"before all\" hook for \"should create 500 offers automatically\"",
              "fullTitle": "Create Bulk Offers \"before all\" hook for \"should create 500 offers automatically\"",
              "timedOut": false,
              "duration": 681,
              "state": "failed",
              "speed": null,
              "pass": false,
              "fail": true,
              "pending": false,
              "context": null,
              "code": "// Increase timeout for before hook to allow manual login\nthis.timeout(120000); // 2 minutes\n\nconsole.log(`\\n🚀 Starting: Create ${numberOfOffers} Offers Automatically`);\nconsole.log(`📍 Testing against: ${config.baseUrl}`);\n\ndriver = await createDriver();\nauthHelper = new AuthHelper(driver);\np2pPage = new P2PPage(driver);\n\n// Navigate to app and wait for MANUAL login\nconsole.log('\\n⏸️  Please login manually in the browser window...');\nconsole.log('💡 You have 90 seconds to complete the login');\nconsole.log('📧 1. Enter your email: ' + (config.testEmail || 'your email'));\nconsole.log('📧 2. Get OTP from your email');\nconsole.log('🔑 3. Enter OTP and login');\nconsole.log('⏰ Waiting...\\n');\n\nawait p2pPage.navigate();\n\n// Wait 90 seconds for manual login\nawait driver.sleep(90000);\n\nconsole.log(`\\n✅ Login complete! Starting to create ${numberOfOffers} offers...\\n`);",
              "err": {
                "message": "ReferenceError: AuthHelper is not defined",
                "estack": "ReferenceError: AuthHelper is not defined\n    at Context.<anonymous> (tests\\createBulkOffers.test.js:27:5)\n    at process.processTicksAndRejections (node:internal/process/task_queues:105:5)",
                "diff": null
              },
              "uuid": "da920c9c-a9dc-42d3-8820-9ff706ab2e17",
              "parentUUID": "232c0624-a045-499d-892a-238b2dc272f3",
              "isHook": true,
              "skipped": false
            },
            {
              "title": "\"before each\" hook",
              "fullTitle": "Create Bulk Offers \"before each\" hook",
              "timedOut": false,
              "duration": 0,
              "state": null,
              "speed": null,
              "pass": false,
              "fail": false,
              "pending": false,
              "context": null,
              "code": "if (!p2pPage) {\n  p2pPage = new P2PPage(driver);\n}",
              "err": {},
              "uuid": "e8cc9d81-7c75-4332-b67d-4ee702938c1f",
              "parentUUID": "232c0624-a045-499d-892a-238b2dc272f3",
              "isHook": true,
              "skipped": false
            }
          ],
          "afterHooks": [
            {
              "title": "\"after all\" hook in \"Create Bulk Offers\"",
              "fullTitle": "Create Bulk Offers \"after all\" hook in \"Create Bulk Offers\"",
              "timedOut": false,
              "duration": 0,
              "state": null,
              "speed": null,
              "pass": false,
              "fail": false,
              "pending": false,
              "context": null,
              "code": "console.log('\\n🏁 All offers created!');\nconsole.log('🌐 Browser will stay open - close it manually when done\\n');\n\n// Don't close browser - let user close manually",
              "err": {},
              "uuid": "1dfebd6a-9f48-4c83-abc7-d5e8f5e0e44c",
              "parentUUID": "232c0624-a045-499d-892a-238b2dc272f3",
              "isHook": true,
              "skipped": false
            },
            {
              "title": "\"after each\" hook",
              "fullTitle": "Create Bulk Offers \"after each\" hook",
              "timedOut": false,
              "duration": 0,
              "state": null,
              "speed": null,
              "pass": false,
              "fail": false,
              "pending": false,
              "context": null,
              "code": "if (this.currentTest.state === 'failed' && config.screenshotOnFailure) {\n  const timestamp = new Date().toISOString().replace(/[:.]/g, '-');\n  const screenshotPath = path.join(\n    config.screenshotPath,\n    `${this.currentTest.title}_${timestamp}.png`\n  );\n  await p2pPage.takeScreenshot(screenshotPath);\n  console.log(`\\nScreenshot saved: ${screenshotPath}`);\n}",
              "err": {},
              "uuid": "bfd96fcc-6069-4ed6-b9e0-c47c5c50453a",
              "parentUUID": "232c0624-a045-499d-892a-238b2dc272f3",
              "isHook": true,
              "skipped": false
            }
          ],
          "tests": [
            {
              "title": "should create 500 offers automatically",
              "fullTitle": "Create Bulk Offers should create 500 offers automatically",
              "timedOut": false,
              "duration": 0,
              "state": null,
              "speed": null,
              "pass": false,
              "fail": false,
              "pending": false,
              "context": null,
              "code": "this.timeout(6000000); // 100 minutes for 500 offers\n\nconst banks = ['MB', 'VCB', 'TCB', 'ACB', 'VPB', 'TPB', 'SCB'];\nconst sides = ['SELL', 'BUY'];\nlet successCount = 0;\nlet failCount = 0;\nconst failedOffers = []; // Track failed offers with details\nfor (let i = 1; i <= numberOfOffers; i++) {\n  try {\n    console.log(`\\n📝 Creating offer ${i}/${numberOfOffers}...`);\n    \n    // Navigate to P2P page\n    await p2pPage.navigate();\n    await driver.sleep(1000);\n    \n    // Simple offer data as specified\n    const offerData = {\n      side: 'SELL',\n      amount: 1,\n      price_rate: '0.1',\n      limit: { min: 1, max: 1 },\n      symbol: 'MZD',\n      bank_info: {\n        bank: 'MB',\n        account_name: faker.name.findName(),\n        account_number: faker.finance.account(10)\n      }\n    };\n    console.log(`   Type: ${offerData.side}, Amount: ${offerData.amount}, Rate: ${offerData.price_rate}, Limits: ${offerData.limit.min}-${offerData.limit.max}`);\n    console.log(`   Bank: ${offerData.bank_info.bank}, Account: ${offerData.bank_info.account_name}`);\n    \n    // Take screenshot before filling\n    await p2pPage.takeScreenshot(`./screenshots/before_fill_${i}.png`);\n    \n    console.log('   🔄 Opening modal and filling form...');\n    \n    // Create the offer with retry logic\n    let success = false;\n    let retries = 0;\n    const maxRetries = 2;\n    \n    while (!success && retries <= maxRetries) {\n      try {\n        if (retries > 0) {\n          console.log(`   🔄 Retry attempt ${retries}/${maxRetries}...`);\n          await driver.sleep(2000);\n        }\n        \n        success = await p2pPage.createOffer(offerData);\n        \n        if (!success && retries < maxRetries) {\n          console.log(`   ⚠️  Attempt failed, will retry...`);\n          // Refresh page and try again\n          await p2pPage.navigate();\n          await driver.sleep(2000);\n        }\n        \n        retries++;\n      } catch (error) {\n        console.error(`   ❌ Error in attempt ${retries}: ${error.message}`);\n        retries++;\n        if (retries <= maxRetries) {\n          await p2pPage.navigate();\n          await driver.sleep(2000);\n        }\n      }\n    }\n    \n    // Take screenshot after attempt\n    await p2pPage.takeScreenshot(`./screenshots/after_attempt_${i}.png`);\n    \n    if (success) {\n      successCount++;\n      console.log(`   ✅ Offer ${i}/${numberOfOffers} created! (Success: ${successCount}, Failed: ${failCount})`);\n    } else {\n      failCount++;\n      \n      // Capture browser console logs for failed offer\n      const browserLogs = await driver.manage().logs().get('browser');\n      const recentLogs = browserLogs.slice(-20); // Get last 20 logs\n      \n      failedOffers.push({\n        offerNumber: i,\n        data: offerData,\n        timestamp: new Date().toISOString(),\n        browserLogs: recentLogs.map(log => ({\n          level: log.level.name,\n          message: log.message,\n          timestamp: new Date(log.timestamp).toISOString()\n        })),\n        screenshotPath: `./screenshots/after_attempt_${i}.png`\n      });\n      \n      console.log(`   ❌ Offer ${i}/${numberOfOffers} failed! (Success: ${successCount}, Failed: ${failCount})`);\n      console.log(`   📋 Failed offer details saved`);\n    }\n    \n    // Wait between offers to let page stabilize\n    await driver.sleep(3000);\n    \n  } catch (error) {\n    failCount++;\n    \n    // Capture browser console logs for exception\n    let browserLogs = [];\n    try {\n      const logs = await driver.manage().logs().get('browser');\n      browserLogs = logs.slice(-20).map(log => ({\n        level: log.level.name,\n        message: log.message,\n        timestamp: new Date(log.timestamp).toISOString()\n      }));\n    } catch (logError) {\n      console.error('   ⚠️  Could not get browser logs:', logError.message);\n    }\n    \n    failedOffers.push({\n      offerNumber: i,\n      data: offerData,\n      timestamp: new Date().toISOString(),\n      error: {\n        message: error.message,\n        stack: error.stack\n      },\n      browserLogs: browserLogs,\n      screenshotPath: `offer_${i}_error_${new Date().toISOString().replace(/[:.]/g, '-')}.png`\n    });\n    \n    console.error(`   ❌ Error creating offer ${i}/${numberOfOffers}:`, error.message);\n    console.log(`   (Success: ${successCount}, Failed: ${failCount})`);\n    console.log(`   📋 Exception details saved`);\n    \n    // Take screenshot on error\n    if (config.screenshotOnFailure) {\n      const timestamp = new Date().toISOString().replace(/[:.]/g, '-');\n      const screenshotPath = path.join(\n        config.screenshotPath,\n        `offer_${i}_error_${timestamp}.png`\n      );\n      await p2pPage.takeScreenshot(screenshotPath);\n      console.log(`   📸 Screenshot: ${screenshotPath}`);\n    }\n    \n    // Continue to next offer\n    await driver.sleep(1000);\n  }\n}\nconsole.log('\\n' + '='.repeat(60));\nconsole.log('📊 FINAL RESULTS:');\nconsole.log(`   ✅ Successfully created: ${successCount}/${numberOfOffers} offers`);\nconsole.log(`   ❌ Failed: ${failCount}/${numberOfOffers} offers`);\nconsole.log(`   📈 Success rate: ${((successCount/numberOfOffers)*100).toFixed(1)}%`);\nconsole.log('='.repeat(60) + '\\n');\n// Show detailed failed offers information\nif (failedOffers.length > 0) {\n  console.log('\\n' + '='.repeat(60));\n  console.log('❌ FAILED OFFERS DETAILS:');\n  console.log('='.repeat(60));\n  \n  failedOffers.forEach((failed, index) => {\n    console.log(`\\n${index + 1}. Offer #${failed.offerNumber}`);\n    console.log(`   ⏰ Timestamp: ${failed.timestamp}`);\n    console.log(`   💰 Amount: ${failed.data.amount}`);\n    console.log(`   💱 Rate: ${failed.data.price_rate}`);\n    console.log(`   🏦 Bank: ${failed.data.bank_info.bank}`);\n    console.log(`   👤 Account: ${failed.data.bank_info.account_name}`);\n    console.log(`   📸 Screenshot: ${failed.screenshotPath}`);\n    \n    if (failed.error) {\n      console.log(`   🔥 Exception: ${failed.error.message}`);\n    }\n    \n    if (failed.browserLogs && failed.browserLogs.length > 0) {\n      console.log(`   📋 Browser Logs (last ${failed.browserLogs.length}):`);\n      failed.browserLogs.forEach((log, i) => {\n        if (log.level === 'SEVERE' || log.message.includes('error') || log.message.includes('failed')) {\n          console.log(`      ${i + 1}. [${log.level}] ${log.message.substring(0, 150)}...`);\n        }\n      });\n    }\n    \n    console.log('   ' + '-'.repeat(55));\n  });\n  \n  // Save detailed report to file\n  const reportPath = path.join(config.screenshotPath, 'failed_offers_report.json');\n  try {\n    fs.writeFileSync(reportPath, JSON.stringify(failedOffers, null, 2));\n    console.log(`\\n💾 Detailed report saved to: ${reportPath}\\n`);\n  } catch (err) {\n    console.error(`\\n⚠️  Could not save report file: ${err.message}\\n`);\n  }\n  \n  console.log('='.repeat(60) + '\\n');\n}\n// Test passes if at least 80% success\nconst minSuccess = Math.floor(numberOfOffers * 0.8);\nexpect(successCount).to.be.at.least(minSuccess, `At least ${minSuccess} out of ${numberOfOffers} offers should be created`);",
              "err": {},
              "uuid": "2dae3df9-524e-4536-8251-7650c3184c2c",
              "parentUUID": "232c0624-a045-499d-892a-238b2dc272f3",
              "isHook": false,
              "skipped": true
            }
          ],
          "suites": [],
          "passes": [],
          "failures": [],
          "pending": [],
          "skipped": [
            "2dae3df9-524e-4536-8251-7650c3184c2c"
          ],
          "duration": 0,
          "root": false,
          "rootEmpty": false,
          "_timeout": 6000000
        }
      ],
      "passes": [],
      "failures": [],
      "pending": [],
      "skipped": [],
      "duration": 0,
      "root": true,
      "rootEmpty": true,
      "_timeout": 60000
    }
  ],
  "meta": {
    "mocha": {
      "version": "10.8.2"
    },
    "mochawesome": {
      "options": {
        "quiet": false,
        "reportFilename": "mochawesome",
        "saveHtml": true,
        "saveJson": true,
        "consoleReporter": "spec",
        "useInlineDiffs": false,
        "code": true
      },
      "version": "7.1.4"
    },
    "marge": {
      "options": {
        "[object Object]": true
      },
      "version": "6.3.2"
    }
  }
}